#
# A fatal error has been detected by the Java Runtime Environment:
#
#  SIGSEGV (0xb) at pc=0x0000000106d387f4, pid=35979, tid=18947
#
# JRE version: Java(TM) SE Runtime Environment (7.0_79-b15) (build 1.7.0_79-b15)
# Java VM: Java HotSpot(TM) 64-Bit Server VM (24.79-b02 mixed mode bsd-amd64 compressed oops)
# Problematic frame:
# V  [libjvm.dylib+0x3387f4]  jvmti_IsMethodSynthetic+0xb9
#
# Failed to write core dump. Core dumps have been disabled. To enable core dumping, try "ulimit -c unlimited" before starting Java again
#
# If you would like to submit a bug report, please visit:
#   http://bugreport.java.com/bugreport/crash.jsp
#

---------------  T H R E A D  ---------------

Current thread (0x00007f8aec827800):  JavaThread "JDWP Transport Listener: dt_socket" daemon [_thread_in_vm, id=18947, stack(0x0000700009a17000,0x0000700009b17000)]

siginfo:si_signo=SIGSEGV: si_errno=0, si_code=0 (SEGV0), si_addr=0x0000000000000000

Registers:
RAX=0x0000000000000001, RBX=0x0000700009b16a8b, RCX=0x0000000000000000, RDX=0x0000700009b16a8b
RSP=0x0000700009b169f0, RBP=0x0000700009b16a40, RSI=0x00007f8aec827800, RDI=0x00007f8aeae01b60
R8 =0x0000000000000001, R9 =0x0000000000000000, R10=0x0000000000000001, R11=0x0000000000000002
R12=0x00007f8aec827800, R13=0x69725032316f4e2f, R14=0x69725032316f4e2f, R15=0x00007f8aeae01b60
RIP=0x0000000106d387f4, EFLAGS=0x0000000000010202, ERR=0x0000000000000000
  TRAPNO=0x000000000000000d

Top of Stack: (sp=0x0000700009b169f0)
0x0000700009b169f0:   00007f8aec827800 0000000000000000
0x0000700009b16a00:   0000000000000000 0000000000000000
0x0000700009b16a10:   00007f8aec827800 00007f8aec827800
0x0000700009b16a20:   0000700009b16a8b 0000700009b16a90
0x0000700009b16a30:   69725032316f4e2f 0000000000000004
0x0000700009b16a40:   0000700009b16a60 000000010593f1a8
0x0000700009b16a50:   0000000000000001 0000700009b16b08
0x0000700009b16a60:   0000700009b16ad0 0000000105923fbb
0x0000700009b16a70:   0000700009b16aa0 00007f8aeac0cd10
0x0000700009b16a80:   0000000500000032 0000000a00b16b08
0x0000700009b16a90:   0000000000000000 0000000000000000
0x0000700009b16aa0:   0000000000000000 0000700009b16c90
0x0000700009b16ab0:   0000000105946dc2 00007f8aead13ef0
0x0000700009b16ac0:   0000700009b16b08 0000000105952588
0x0000700009b16ad0:   0000700009b16ae0 00000001059240b4
0x0000700009b16ae0:   0000700009b16d00 000000010592d642
0x0000700009b16af0:   00000db600000013 00000000000f0200
0x0000700009b16b00:   00007f8aead13af0 0000700009b16c24
0x0000700009b16b10:   00007f8a00000060 0000700009b16b20
0x0000700009b16b20:   00007f8a000000cc 0000700009b16b58
0x0000700009b16b30:   0000000000000000 0000000000000000
0x0000700009b16b40:   00000db60000001c 00007f8a00007f80
0x0000700009b16b50:   0000700009b16b58 8a7f000005000000
0x0000700009b16b60:   06000000c073f1ea 00003e74696e693c
0x0000700009b16b70:   0000005629280300 7f00000100000000
0x0000700009b16b80:   000000d873f1ea8a 5431746e6972700b
0x0000700009b16b90:   0400000078614d6f 0000000056294928
0x0000700009b16ba0:   8a7f000009000000 1600000070a0c0ea
0x0000700009b16bb0:   6f5431746e697270 727563655278614d
0x0000700009b16bc0:   0000796c65766973 294949435b280700
0x0000700009b16bd0:   0000000000000056 73f1ea8a7f00000a
0x0000700009b16be0:   69727016000000d0 78614d6f5431746e 

Instructions: (pc=0x0000000106d387f4)
0x0000000106d387d4:   00 00 00 41 f6 87 68 01 00 00 10 75 07 b8 63 00
0x0000000106d387e4:   00 00 eb 7a 4d 85 f6 75 07 b8 17 00 00 00 eb 6e
0x0000000106d387f4:   4d 8b 36 48 b8 fe fe fe fe fe fe fe fe 49 39 c6
0x0000000106d38804:   74 e7 4d 85 f6 74 e2 48 8d 05 fe 6b 4d 00 80 38 

Register to memory mapping:

RAX=0x0000000000000001 is an unknown value
RBX=0x0000700009b16a8b is pointing into the stack for thread: 0x00007f8aec827800
RCX=0x0000000000000000 is an unknown value
RDX=0x0000700009b16a8b is pointing into the stack for thread: 0x00007f8aec827800
RSP=0x0000700009b169f0 is pointing into the stack for thread: 0x00007f8aec827800
RBP=0x0000700009b16a40 is pointing into the stack for thread: 0x00007f8aec827800
RSI=0x00007f8aec827800 is a thread
RDI=0x00007f8aeae01b60 is an unknown value
R8 =0x0000000000000001 is an unknown value
R9 =0x0000000000000000 is an unknown value
R10=0x0000000000000001 is an unknown value
R11=0x0000000000000002 is an unknown value
R12=0x00007f8aec827800 is a thread
R13=0x69725032316f4e2f is an unknown value
R14=0x69725032316f4e2f is an unknown value
R15=0x00007f8aeae01b60 is an unknown value


Stack: [0x0000700009a17000,0x0000700009b17000],  sp=0x0000700009b169f0,  free space=1022k
Native frames: (J=compiled Java code, j=interpreted, Vv=VM code, C=native code)
V  [libjvm.dylib+0x3387f4]  jvmti_IsMethodSynthetic+0xb9
C  [libjdwp.dylib+0x201a8]  isMethodSynthetic+0x63
C  [libjdwp.dylib+0x4fbb]  methods1+0x10b
C  [libjdwp.dylib+0x50b4]  methodsWithGeneric+0xe
C  [libjdwp.dylib+0xe642]  debugLoop_run+0x1ce
C  [libjdwp.dylib+0x1f0e2]  attachThread+0x4d
V  [libjvm.dylib+0x37945a]  JvmtiAgentThread::call_start_function()+0x38
V  [libjvm.dylib+0x4f759d]  JavaThread::thread_main_inner()+0x9b
V  [libjvm.dylib+0x4f8ca5]  JavaThread::run()+0x1a3
V  [libjvm.dylib+0x421c4e]  java_start(Thread*)+0x126
C  [libsystem_pthread.dylib+0x393b]  _pthread_body+0xb4
C  [libsystem_pthread.dylib+0x3887]  _pthread_body+0x0
C  [libsystem_pthread.dylib+0x308d]  thread_start+0xd


---------------  P R O C E S S  ---------------

Java Threads: ( => current thread )
  0x00007f8aee000000 JavaThread "Service Thread" daemon [_thread_blocked, id=21507, stack(0x0000700009f26000,0x000070000a026000)]
  0x00007f8aeb009000 JavaThread "C2 CompilerThread1" daemon [_thread_blocked, id=20995, stack(0x0000700009e23000,0x0000700009f23000)]
  0x00007f8aeb003000 JavaThread "C2 CompilerThread0" daemon [_thread_blocked, id=20483, stack(0x0000700009d20000,0x0000700009e20000)]
  0x00007f8aec059800 JavaThread "JDWP Command Reader" daemon [_thread_in_native, id=19971, stack(0x0000700009c1d000,0x0000700009d1d000)]
  0x00007f8aec800800 JavaThread "JDWP Event Helper Thread" daemon [_thread_blocked, id=19459, stack(0x0000700009b1a000,0x0000700009c1a000)]
=>0x00007f8aec827800 JavaThread "JDWP Transport Listener: dt_socket" daemon [_thread_in_vm, id=18947, stack(0x0000700009a17000,0x0000700009b17000)]
  0x00007f8aec04a000 JavaThread "Signal Dispatcher" daemon [_thread_blocked, id=18435, stack(0x0000700009914000,0x0000700009a14000)]
  0x00007f8aeb841800 JavaThread "Finalizer" daemon [_thread_blocked, id=14595, stack(0x0000700009811000,0x0000700009911000)]
  0x00007f8aeb841000 JavaThread "Reference Handler" daemon [_thread_blocked, id=14083, stack(0x000070000970e000,0x000070000980e000)]
  0x00007f8aec802000 JavaThread "main" [_thread_blocked, id=7171, stack(0x0000700008cf0000,0x0000700008df0000)]

Other Threads:
  0x00007f8aeb000800 VMThread [stack: 0x000070000960b000,0x000070000970b000] [id=13571]
  0x00007f8aec057000 WatcherThread [stack: 0x000070000a029000,0x000070000a129000] [id=22019]

VM state:not at safepoint (normal execution)

VM Mutex/Monitor currently owned by a thread: None

Heap
 PSYoungGen      total 76800K, used 3963K [0x00000007aaa80000, 0x00000007b0000000, 0x0000000800000000)
  eden space 66048K, 6% used [0x00000007aaa80000,0x00000007aae5ec80,0x00000007aeb00000)
  from space 10752K, 0% used [0x00000007af580000,0x00000007af580000,0x00000007b0000000)
  to   space 10752K, 0% used [0x00000007aeb00000,0x00000007aeb00000,0x00000007af580000)
 ParOldGen       total 174592K, used 0K [0x0000000700000000, 0x000000070aa80000, 0x00000007aaa80000)
  object space 174592K, 0% used [0x0000000700000000,0x0000000700000000,0x000000070aa80000)
 PSPermGen       total 21504K, used 2641K [0x00000006fae00000, 0x00000006fc300000, 0x0000000700000000)
  object space 21504K, 12% used [0x00000006fae00000,0x00000006fb094630,0x00000006fc300000)

Card table byte_map: [0x000000010a523000,0x000000010ad4d000] byte_map_base: 0x0000000106d4c000

Polling page: 0x000000010591e000

Code Cache  [0x0000000107463000, 0x00000001076d3000, 0x000000010a463000)
 total_blobs=158 nmethods=0 adapters=136 free_code_cache=48776Kb largest_free_block=49947008

Compilation events (0 events):
No events

GC Heap History (0 events):
No events

Deoptimization events (0 events):
No events

Internal exceptions (2 events):
Event: 0.031 Thread 0x00007f8aec802000 Threw 0x00000007aaa8f4f8 at /HUDSON/workspace/7u-2-build-macosx-x86_64/jdk7u79/2331/hotspot/src/share/vm/prims/jni.cpp:3991
Event: 0.119 Thread 0x00007f8aec802000 Threw 0x00000007aaad99f0 at /HUDSON/workspace/7u-2-build-macosx-x86_64/jdk7u79/2331/hotspot/src/share/vm/prims/jvm.cpp:1304

Events (10 events):
Event: 67704.140 Executing VM operation: GetCurrentLocation
Event: 67704.140 Executing VM operation: GetCurrentLocation done
Event: 67704.140 Executing VM operation: EnterInterpOnlyMode
Event: 67704.140 Executing VM operation: EnterInterpOnlyMode done
Event: 67704.141 Executing VM operation: ChangeSingleStep
Event: 67704.141 Executing VM operation: ChangeSingleStep done
Event: 67704.141 Executing VM operation: ChangeSingleStep
Event: 67704.141 Executing VM operation: ChangeSingleStep done
Event: 67704.143 Executing VM operation: RedefineClasses
Event: 67704.143 Executing VM operation: RedefineClasses done


Dynamic libraries:
0x000000005e581000 	/System/Library/Frameworks/Cocoa.framework/Versions/A/Cocoa
0x000000005e581000 	/System/Library/Frameworks/Security.framework/Versions/A/Security
0x000000005e581000 	/System/Library/Frameworks/ApplicationServices.framework/Versions/A/ApplicationServices
0x000000005e581000 	/usr/lib/libz.1.dylib
0x000000005e581000 	/usr/lib/libSystem.B.dylib
0x000000005e581000 	/usr/lib/libobjc.A.dylib
0x000000005e581000 	/System/Library/Frameworks/CoreFoundation.framework/Versions/A/CoreFoundation
0x000000005e581000 	/System/Library/Frameworks/Foundation.framework/Versions/C/Foundation
0x000000005e581000 	/System/Library/Frameworks/AppKit.framework/Versions/C/AppKit
0x000000005e581000 	/System/Library/Frameworks/CoreData.framework/Versions/A/CoreData
0x000000005e581000 	/System/Library/PrivateFrameworks/RemoteViewServices.framework/Versions/A/RemoteViewServices
0x000000005e581000 	/System/Library/PrivateFrameworks/UIFoundation.framework/Versions/A/UIFoundation
0x000000005e581000 	/System/Library/PrivateFrameworks/DFRFoundation.framework/Versions/A/DFRFoundation
0x000000005e581000 	/usr/lib/libenergytrace.dylib
0x000000005e581000 	/System/Library/PrivateFrameworks/SkyLight.framework/Versions/A/SkyLight
0x000000005e581000 	/System/Library/Frameworks/CoreGraphics.framework/Versions/A/CoreGraphics
0x000000005e581000 	/usr/lib/libScreenReader.dylib
0x000000005e581000 	/System/Library/Frameworks/Accelerate.framework/Versions/A/Accelerate
0x000000005e581000 	/System/Library/Frameworks/IOSurface.framework/Versions/A/IOSurface
0x000000005e581000 	/System/Library/Frameworks/AudioToolbox.framework/Versions/A/AudioToolbox
0x000000005e581000 	/System/Library/Frameworks/AudioUnit.framework/Versions/A/AudioUnit
0x000000005e581000 	/System/Library/PrivateFrameworks/DataDetectorsCore.framework/Versions/A/DataDetectorsCore
0x000000005e581000 	/System/Library/PrivateFrameworks/DesktopServicesPriv.framework/Versions/A/DesktopServicesPriv
0x000000005e581000 	/System/Library/Frameworks/Carbon.framework/Versions/A/Frameworks/HIToolbox.framework/Versions/A/HIToolbox
0x000000005e581000 	/usr/lib/libicucore.A.dylib
0x000000005e581000 	/System/Library/Frameworks/QuartzCore.framework/Versions/A/QuartzCore
0x000000005e581000 	/System/Library/Frameworks/Carbon.framework/Versions/A/Frameworks/SpeechRecognition.framework/Versions/A/SpeechRecognition
0x000000005e581000 	/usr/lib/libauto.dylib
0x000000005e581000 	/usr/lib/libxml2.2.dylib
0x000000005e581000 	/System/Library/PrivateFrameworks/CoreUI.framework/Versions/A/CoreUI
0x000000005e581000 	/System/Library/Frameworks/CoreAudio.framework/Versions/A/CoreAudio
0x000000005e581000 	/System/Library/Frameworks/DiskArbitration.framework/Versions/A/DiskArbitration
0x000000005e581000 	/usr/lib/liblangid.dylib
0x000000005e581000 	/System/Library/PrivateFrameworks/MultitouchSupport.framework/Versions/A/MultitouchSupport
0x000000005e581000 	/System/Library/Frameworks/IOKit.framework/Versions/A/IOKit
0x000000005e581000 	/usr/lib/libDiagnosticMessagesClient.dylib
0x000000005e581000 	/System/Library/Frameworks/CoreServices.framework/Versions/A/CoreServices
0x000000005e581000 	/System/Library/PrivateFrameworks/PerformanceAnalysis.framework/Versions/A/PerformanceAnalysis
0x000000005e581000 	/System/Library/PrivateFrameworks/GenerationalStorage.framework/Versions/A/GenerationalStorage
0x000000005e581000 	/System/Library/Frameworks/OpenGL.framework/Versions/A/OpenGL
0x000000005e581000 	/System/Library/Frameworks/CoreImage.framework/Versions/A/CoreImage
0x000000005e581000 	/System/Library/Frameworks/CoreText.framework/Versions/A/CoreText
0x000000005e581000 	/System/Library/Frameworks/ImageIO.framework/Versions/A/ImageIO
0x000000005e581000 	/System/Library/PrivateFrameworks/Backup.framework/Versions/A/Backup
0x000000005e581000 	/usr/lib/libarchive.2.dylib
0x000000005e581000 	/System/Library/Frameworks/CFNetwork.framework/Versions/A/CFNetwork
0x000000005e581000 	/System/Library/Frameworks/SystemConfiguration.framework/Versions/A/SystemConfiguration
0x000000005e581000 	/usr/lib/libCRFSuite.dylib
0x000000005e581000 	/usr/lib/libc++.1.dylib
0x000000005e581000 	/usr/lib/libc++abi.dylib
0x000000005e581000 	/usr/lib/system/libcache.dylib
0x000000005e581000 	/usr/lib/system/libcommonCrypto.dylib
0x000000005e581000 	/usr/lib/system/libcompiler_rt.dylib
0x000000005e581000 	/usr/lib/system/libcopyfile.dylib
0x000000005e581000 	/usr/lib/system/libcorecrypto.dylib
0x000000005e581000 	/usr/lib/system/libdispatch.dylib
0x000000005e581000 	/usr/lib/system/libdyld.dylib
0x000000005e581000 	/usr/lib/system/libkeymgr.dylib
0x000000005e581000 	/usr/lib/system/liblaunch.dylib
0x000000005e581000 	/usr/lib/system/libmacho.dylib
0x000000005e581000 	/usr/lib/system/libquarantine.dylib
0x000000005e581000 	/usr/lib/system/libremovefile.dylib
0x000000005e581000 	/usr/lib/system/libsystem_asl.dylib
0x000000005e581000 	/usr/lib/system/libsystem_blocks.dylib
0x000000005e581000 	/usr/lib/system/libsystem_c.dylib
0x000000005e581000 	/usr/lib/system/libsystem_configuration.dylib
0x000000005e581000 	/usr/lib/system/libsystem_coreservices.dylib
0x000000005e581000 	/usr/lib/system/libsystem_coretls.dylib
0x000000005e581000 	/usr/lib/system/libsystem_dnssd.dylib
0x000000005e581000 	/usr/lib/system/libsystem_info.dylib
0x000000005e581000 	/usr/lib/system/libsystem_kernel.dylib
0x000000005e581000 	/usr/lib/system/libsystem_m.dylib
0x000000005e581000 	/usr/lib/system/libsystem_malloc.dylib
0x000000005e581000 	/usr/lib/system/libsystem_network.dylib
0x000000005e581000 	/usr/lib/system/libsystem_networkextension.dylib
0x000000005e581000 	/usr/lib/system/libsystem_notify.dylib
0x000000005e581000 	/usr/lib/system/libsystem_platform.dylib
0x000000005e581000 	/usr/lib/system/libsystem_pthread.dylib
0x000000005e581000 	/usr/lib/system/libsystem_sandbox.dylib
0x000000005e581000 	/usr/lib/system/libsystem_secinit.dylib
0x000000005e581000 	/usr/lib/system/libsystem_symptoms.dylib
0x000000005e581000 	/usr/lib/system/libsystem_trace.dylib
0x000000005e581000 	/usr/lib/system/libunwind.dylib
0x000000005e581000 	/usr/lib/system/libxpc.dylib
0x000000005e581000 	/usr/lib/libbsm.0.dylib
0x000000005e581000 	/usr/lib/system/libkxld.dylib
0x000000005e581000 	/usr/lib/libcoretls.dylib
0x000000005e581000 	/usr/lib/libcoretls_cfhelpers.dylib
0x000000005e581000 	/usr/lib/libOpenScriptingUtil.dylib
0x000000005e581000 	/usr/lib/libpam.2.dylib
0x000000005e581000 	/usr/lib/libsqlite3.dylib
0x000000005e581000 	/usr/lib/libxar.1.dylib
0x000000005e581000 	/usr/lib/libbz2.1.0.dylib
0x000000005e581000 	/usr/lib/liblzma.5.dylib
0x000000005e581000 	/usr/lib/libnetwork.dylib
0x000000005e581000 	/usr/lib/libpcap.A.dylib
0x000000005e581000 	/System/Library/Frameworks/CoreServices.framework/Versions/A/Frameworks/FSEvents.framework/Versions/A/FSEvents
0x000000005e581000 	/System/Library/Frameworks/CoreServices.framework/Versions/A/Frameworks/CarbonCore.framework/Versions/A/CarbonCore
0x000000005e581000 	/System/Library/Frameworks/CoreServices.framework/Versions/A/Frameworks/Metadata.framework/Versions/A/Metadata
0x000000005e581000 	/System/Library/Frameworks/CoreServices.framework/Versions/A/Frameworks/OSServices.framework/Versions/A/OSServices
0x000000005e581000 	/System/Library/Frameworks/CoreServices.framework/Versions/A/Frameworks/SearchKit.framework/Versions/A/SearchKit
0x000000005e581000 	/System/Library/Frameworks/CoreServices.framework/Versions/A/Frameworks/AE.framework/Versions/A/AE
0x000000005e581000 	/System/Library/Frameworks/CoreServices.framework/Versions/A/Frameworks/LaunchServices.framework/Versions/A/LaunchServices
0x000000005e581000 	/System/Library/Frameworks/CoreServices.framework/Versions/A/Frameworks/DictionaryServices.framework/Versions/A/DictionaryServices
0x000000005e581000 	/System/Library/Frameworks/CoreServices.framework/Versions/A/Frameworks/SharedFileList.framework/Versions/A/SharedFileList
0x000000005e581000 	/System/Library/Frameworks/NetFS.framework/Versions/A/NetFS
0x000000005e581000 	/System/Library/PrivateFrameworks/NetAuth.framework/Versions/A/NetAuth
0x000000005e581000 	/System/Library/PrivateFrameworks/login.framework/Versions/A/Frameworks/loginsupport.framework/Versions/A/loginsupport
0x000000005e581000 	/System/Library/PrivateFrameworks/TCC.framework/Versions/A/TCC
0x000000005e581000 	/usr/lib/libmecabra.dylib
0x000000005e581000 	/System/Library/Frameworks/ApplicationServices.framework/Versions/A/Frameworks/ATS.framework/Versions/A/ATS
0x000000005e581000 	/System/Library/Frameworks/ApplicationServices.framework/Versions/A/Frameworks/ColorSync.framework/Versions/A/ColorSync
0x000000005e581000 	/System/Library/Frameworks/ApplicationServices.framework/Versions/A/Frameworks/HIServices.framework/Versions/A/HIServices
0x000000005e581000 	/System/Library/Frameworks/ApplicationServices.framework/Versions/A/Frameworks/LangAnalysis.framework/Versions/A/LangAnalysis
0x000000005e581000 	/System/Library/Frameworks/ApplicationServices.framework/Versions/A/Frameworks/PrintCore.framework/Versions/A/PrintCore
0x000000005e581000 	/System/Library/Frameworks/ApplicationServices.framework/Versions/A/Frameworks/QD.framework/Versions/A/QD
0x000000005e581000 	/System/Library/Frameworks/ApplicationServices.framework/Versions/A/Frameworks/SpeechSynthesis.framework/Versions/A/SpeechSynthesis
0x000000005e581000 	/System/Library/Frameworks/Accelerate.framework/Versions/A/Frameworks/vImage.framework/Versions/A/vImage
0x000000005e581000 	/System/Library/Frameworks/Accelerate.framework/Versions/A/Frameworks/vecLib.framework/Versions/A/vecLib
0x000000005e581000 	/System/Library/Frameworks/Accelerate.framework/Versions/A/Frameworks/vecLib.framework/Versions/A/libvDSP.dylib
0x000000005e581000 	/System/Library/Frameworks/Accelerate.framework/Versions/A/Frameworks/vecLib.framework/Versions/A/libBNNS.dylib
0x000000005e581000 	/System/Library/Frameworks/Accelerate.framework/Versions/A/Frameworks/vecLib.framework/Versions/A/libQuadrature.dylib
0x000000005e581000 	/System/Library/Frameworks/Accelerate.framework/Versions/A/Frameworks/vecLib.framework/Versions/A/libvMisc.dylib
0x000000005e581000 	/System/Library/Frameworks/Accelerate.framework/Versions/A/Frameworks/vecLib.framework/Versions/A/libLAPACK.dylib
0x000000005e581000 	/System/Library/Frameworks/Accelerate.framework/Versions/A/Frameworks/vecLib.framework/Versions/A/libBLAS.dylib
0x000000005e581000 	/System/Library/Frameworks/Accelerate.framework/Versions/A/Frameworks/vecLib.framework/Versions/A/libLinearAlgebra.dylib
0x000000005e581000 	/System/Library/Frameworks/Accelerate.framework/Versions/A/Frameworks/vecLib.framework/Versions/A/libSparseBLAS.dylib
0x000000005e581000 	/System/Library/Frameworks/ApplicationServices.framework/Versions/A/Frameworks/ATS.framework/Versions/A/Resources/libFontParser.dylib
0x000000005e581000 	/System/Library/Frameworks/ApplicationServices.framework/Versions/A/Frameworks/ATS.framework/Versions/A/Resources/libFontRegistry.dylib
0x000000005e581000 	/System/Library/Frameworks/ImageIO.framework/Versions/A/Resources/libJPEG.dylib
0x000000005e581000 	/System/Library/Frameworks/ImageIO.framework/Versions/A/Resources/libTIFF.dylib
0x000000005e581000 	/System/Library/Frameworks/ImageIO.framework/Versions/A/Resources/libPng.dylib
0x000000005e581000 	/System/Library/Frameworks/ImageIO.framework/Versions/A/Resources/libGIF.dylib
0x000000005e581000 	/System/Library/Frameworks/ImageIO.framework/Versions/A/Resources/libJP2.dylib
0x000000005e581000 	/System/Library/Frameworks/ImageIO.framework/Versions/A/Resources/libRadiance.dylib
0x000000005e581000 	/usr/lib/libcompression.dylib
0x000000005e581000 	/System/Library/PrivateFrameworks/AppleJPEG.framework/Versions/A/AppleJPEG
0x000000005e581000 	/usr/lib/libcups.2.dylib
0x000000005e581000 	/System/Library/Frameworks/Kerberos.framework/Versions/A/Kerberos
0x000000005e581000 	/System/Library/Frameworks/GSS.framework/Versions/A/GSS
0x000000005e581000 	/usr/lib/libresolv.9.dylib
0x000000005e581000 	/usr/lib/libiconv.2.dylib
0x000000005e581000 	/System/Library/PrivateFrameworks/Heimdal.framework/Versions/A/Heimdal
0x000000005e581000 	/usr/lib/libheimdal-asn1.dylib
0x000000005e581000 	/System/Library/Frameworks/OpenDirectory.framework/Versions/A/OpenDirectory
0x000000005e581000 	/System/Library/PrivateFrameworks/CommonAuth.framework/Versions/A/CommonAuth
0x000000005e581000 	/System/Library/Frameworks/OpenDirectory.framework/Versions/A/Frameworks/CFOpenDirectory.framework/Versions/A/CFOpenDirectory
0x000000005e581000 	/System/Library/Frameworks/SecurityFoundation.framework/Versions/A/SecurityFoundation
0x000000005e581000 	/System/Library/PrivateFrameworks/LanguageModeling.framework/Versions/A/LanguageModeling
0x000000005e581000 	/usr/lib/libmarisa.dylib
0x000000005e581000 	/usr/lib/libChineseTokenizer.dylib
0x000000005e581000 	/usr/lib/libcmph.dylib
0x000000005e581000 	/System/Library/PrivateFrameworks/CoreEmoji.framework/Versions/A/CoreEmoji
0x000000005e581000 	/System/Library/Frameworks/ServiceManagement.framework/Versions/A/ServiceManagement
0x000000005e581000 	/usr/lib/libxslt.1.dylib
0x000000005e581000 	/System/Library/Frameworks/Carbon.framework/Versions/A/Frameworks/Ink.framework/Versions/A/Ink
0x000000005e581000 	/System/Library/PrivateFrameworks/TextureIO.framework/Versions/A/TextureIO
0x000000005e581000 	/System/Library/Frameworks/Metal.framework/Versions/A/Metal
0x000000005e581000 	/usr/lib/libate.dylib
0x000000005e581000 	/System/Library/PrivateFrameworks/GPUCompiler.framework/libmetal_timestamp.dylib
0x000000005e581000 	/System/Library/Frameworks/OpenGL.framework/Versions/A/Libraries/libCoreFSCache.dylib
0x000000005e581000 	/System/Library/PrivateFrameworks/IOAccelerator.framework/Versions/A/IOAccelerator
0x000000005e581000 	/System/Library/Frameworks/CoreVideo.framework/Versions/A/CoreVideo
0x000000005e581000 	/usr/lib/libFosl_dynamic.dylib
0x000000005e581000 	/System/Library/PrivateFrameworks/MetalPerformanceShaders.framework/Versions/A/MetalPerformanceShaders
0x000000005e581000 	/System/Library/PrivateFrameworks/FaceCore.framework/Versions/A/FaceCore
0x000000005e581000 	/System/Library/Frameworks/OpenCL.framework/Versions/A/OpenCL
0x000000005e581000 	/System/Library/Frameworks/OpenGL.framework/Versions/A/Libraries/libGLU.dylib
0x000000005e581000 	/System/Library/Frameworks/OpenGL.framework/Versions/A/Libraries/libGFXShared.dylib
0x000000005e581000 	/System/Library/Frameworks/OpenGL.framework/Versions/A/Libraries/libGL.dylib
0x000000005e581000 	/System/Library/Frameworks/OpenGL.framework/Versions/A/Libraries/libGLImage.dylib
0x000000005e581000 	/System/Library/Frameworks/OpenGL.framework/Versions/A/Libraries/libCVMSPluginSupport.dylib
0x000000005e581000 	/System/Library/Frameworks/OpenGL.framework/Versions/A/Libraries/libCoreVMClient.dylib
0x000000005e581000 	/System/Library/PrivateFrameworks/CrashReporterSupport.framework/Versions/A/CrashReporterSupport
0x000000005e581000 	/System/Library/PrivateFrameworks/Sharing.framework/Versions/A/Sharing
0x000000005e581000 	/System/Library/PrivateFrameworks/IconServices.framework/Versions/A/IconServices
0x000000005e581000 	/System/Library/PrivateFrameworks/ProtocolBuffer.framework/Versions/A/ProtocolBuffer
0x000000005e581000 	/System/Library/PrivateFrameworks/Apple80211.framework/Versions/A/Apple80211
0x000000005e581000 	/System/Library/Frameworks/CoreWLAN.framework/Versions/A/CoreWLAN
0x000000005e581000 	/System/Library/PrivateFrameworks/CoreUtils.framework/Versions/A/CoreUtils
0x000000005e581000 	/System/Library/Frameworks/IOBluetooth.framework/Versions/A/IOBluetooth
0x000000005e581000 	/System/Library/PrivateFrameworks/CoreWiFi.framework/Versions/A/CoreWiFi
0x000000005e581000 	/System/Library/Frameworks/CoreBluetooth.framework/Versions/A/CoreBluetooth
0x000000005e581000 	/System/Library/Frameworks/CoreDisplay.framework/Versions/A/CoreDisplay
0x000000005e581000 	/System/Library/PrivateFrameworks/IOPresentment.framework/Versions/A/IOPresentment
0x000000005e581000 	/System/Library/PrivateFrameworks/DSExternalDisplay.framework/Versions/A/DSExternalDisplay
0x000000005e581000 	/System/Library/PrivateFrameworks/DebugSymbols.framework/Versions/A/DebugSymbols
0x000000005e581000 	/System/Library/PrivateFrameworks/CoreSymbolication.framework/Versions/A/CoreSymbolication
0x000000005e581000 	/System/Library/PrivateFrameworks/Symbolication.framework/Versions/A/Symbolication
0x000000005e581000 	/System/Library/PrivateFrameworks/AppleFSCompression.framework/Versions/A/AppleFSCompression
0x000000005e581000 	/System/Library/PrivateFrameworks/SpeechRecognitionCore.framework/Versions/A/SpeechRecognitionCore
0x000000005e581000 	/System/Library/PrivateFrameworks/ChunkingLibrary.framework/Versions/A/ChunkingLibrary
0x0000000106a00000 	/Library/Java/JavaVirtualMachines/jdk1.7.0_79.jdk/Contents/Home/jre/lib/server/libjvm.dylib
0x000000005e581000 	/usr/lib/libstdc++.6.dylib
0x00000001058e1000 	/Library/Java/JavaVirtualMachines/jdk1.7.0_79.jdk/Contents/Home/jre/lib/libverify.dylib
0x00000001058ee000 	/Library/Java/JavaVirtualMachines/jdk1.7.0_79.jdk/Contents/Home/jre/lib/libjava.dylib
0x000000010591f000 	/Library/Java/JavaVirtualMachines/jdk1.7.0_79.jdk/Contents/Home/jre/lib/libjdwp.dylib
0x000000010595c000 	/Library/Java/JavaVirtualMachines/jdk1.7.0_79.jdk/Contents/Home/jre/lib/libnpt.dylib
0x0000000105969000 	/Library/Java/JavaVirtualMachines/jdk1.7.0_79.jdk/Contents/Home/jre/lib/libzip.dylib
0x000000010d106000 	/System/Library/Frameworks/JavaVM.framework/Frameworks/JavaRuntimeSupport.framework/JavaRuntimeSupport
0x000000010d120000 	/System/Library/Frameworks/JavaVM.framework/Versions/A/Frameworks/JavaNativeFoundation.framework/Versions/A/JavaNativeFoundation
0x00000001059ee000 	/System/Library/Frameworks/JavaVM.framework/Versions/A/JavaVM
0x000000005e581000 	/System/Library/Frameworks/Carbon.framework/Versions/A/Carbon
0x0000000115d59000 	/System/Library/PrivateFrameworks/JavaLaunching.framework/Versions/A/JavaLaunching
0x000000005e581000 	/System/Library/Frameworks/Carbon.framework/Versions/A/Frameworks/CommonPanels.framework/Versions/A/CommonPanels
0x000000005e581000 	/System/Library/Frameworks/Carbon.framework/Versions/A/Frameworks/Help.framework/Versions/A/Help
0x000000005e581000 	/System/Library/Frameworks/Carbon.framework/Versions/A/Frameworks/ImageCapture.framework/Versions/A/ImageCapture
0x000000005e581000 	/System/Library/Frameworks/Carbon.framework/Versions/A/Frameworks/OpenScripting.framework/Versions/A/OpenScripting
0x000000005e581000 	/System/Library/Frameworks/Carbon.framework/Versions/A/Frameworks/Print.framework/Versions/A/Print
0x000000005e581000 	/System/Library/Frameworks/Carbon.framework/Versions/A/Frameworks/SecurityHI.framework/Versions/A/SecurityHI
0x000000011765e000 	/Library/Java/JavaVirtualMachines/jdk1.7.0_79.jdk/Contents/Home/jre/lib/libdt_socket.dylib

VM Arguments:
jvm_args: -agentlib:jdwp=transport=dt_socket,suspend=y,address=localhost:52421 -Dfile.encoding=UTF-8 
java_command: com.sran.exercise.job.offer.No12Print1ToMaxOfDigits
Launcher Type: SUN_STANDARD

Environment Variables:
PATH=/usr/bin:/bin:/usr/sbin:/sbin
SHELL=/bin/bash

Signal Handlers:
SIGSEGV: [libjvm.dylib+0x52daf1], sa_mask[0]=0xfffefeff, sa_flags=0x00000043
SIGBUS: [libjvm.dylib+0x52daf1], sa_mask[0]=0xfffefeff, sa_flags=0x00000042
SIGFPE: [libjvm.dylib+0x41f34e], sa_mask[0]=0xfffefeff, sa_flags=0x00000042
SIGPIPE: [libjvm.dylib+0x41f34e], sa_mask[0]=0xfffefeff, sa_flags=0x00000042
SIGXFSZ: [libjvm.dylib+0x41f34e], sa_mask[0]=0xfffefeff, sa_flags=0x00000042
SIGILL: [libjvm.dylib+0x41f34e], sa_mask[0]=0xfffefeff, sa_flags=0x00000042
SIGUSR1: SIG_DFL, sa_mask[0]=0x00000000, sa_flags=0x00000000
SIGUSR2: [libjvm.dylib+0x41ee40], sa_mask[0]=0x00000004, sa_flags=0x00000042
SIGHUP: [libjvm.dylib+0x41d0d1], sa_mask[0]=0xfffefeff, sa_flags=0x00000042
SIGINT: [libjvm.dylib+0x41d0d1], sa_mask[0]=0xfffefeff, sa_flags=0x00000042
SIGTERM: [libjvm.dylib+0x41d0d1], sa_mask[0]=0xfffefeff, sa_flags=0x00000042
SIGQUIT: [libjvm.dylib+0x41d0d1], sa_mask[0]=0xfffefeff, sa_flags=0x00000042


---------------  S Y S T E M  ---------------

OS:Bsduname:Darwin 16.7.0 Darwin Kernel Version 16.7.0: Thu Jun 15 17:36:27 PDT 2017; root:xnu-3789.70.16~2/RELEASE_X86_64 x86_64
rlimit: STACK 8192k, CORE 0k, NPROC 709, NOFILE 10240, AS infinity
load average:1.45 1.72 2.21

CPU:total 8 (4 cores per cpu, 2 threads per core) family 6 model 70 stepping 1, cmov, cx8, fxsr, mmx, sse, sse2, sse3, ssse3, sse4.1, sse4.2, popcnt, avx, avx2, aes, erms, ht, tsc, tscinvbit

Memory: 4k page, physical 16777216k(4194304k free)

/proc/meminfo:


vm_info: Java HotSpot(TM) 64-Bit Server VM (24.79-b02) for bsd-amd64 JRE (1.7.0_79-b15), built on Apr 10 2015 11:35:04 by "java_re" with gcc 4.2.1 (Based on Apple Inc. build 5658) (LLVM build 2336.11.00)

time: Tue Sep 19 18:47:12 2017
elapsed time: 67704 seconds

