#
# A fatal error has been detected by the Java Runtime Environment:
#
#  SIGSEGV (0xb) at pc=0x00000001091387f4, pid=38189, tid=19203
#
# JRE version: Java(TM) SE Runtime Environment (7.0_79-b15) (build 1.7.0_79-b15)
# Java VM: Java HotSpot(TM) 64-Bit Server VM (24.79-b02 mixed mode bsd-amd64 compressed oops)
# Problematic frame:
# V  [libjvm.dylib+0x3387f4]
#
# Failed to write core dump. Core dumps have been disabled. To enable core dumping, try "ulimit -c unlimited" before starting Java again
#
# If you would like to submit a bug report, please visit:
#   http://bugreport.java.com/bugreport/crash.jsp
#

---------------  T H R E A D  ---------------

Current thread (0x00007fd34c828000):  JavaThread "JDWP Transport Listener: dt_socket" daemon [_thread_in_vm, id=19203, stack(0x0000700004c83000,0x0000700004d83000)]

siginfo:si_signo=SIGSEGV: si_errno=0, si_code=0 (SEGV0), si_addr=0x0000000000000000

Registers:
RAX=0x0000000000000001, RBX=0x0000700004d82a8b, RCX=0x0000000000000000, RDX=0x0000700004d82a8b
RSP=0x0000700004d829f0, RBP=0x0000700004d82a40, RSI=0x00007fd34c828000, RDI=0x00007fd349c03240
R8 =0x0000000000000000, R9 =0x00007fd34c111eb0, R10=0x0000000000000001, R11=0x0000000000000001
R12=0x00007fd34c828000, R13=0x6a2f65736963000a, R14=0x6a2f65736963000a, R15=0x00007fd349c03240
RIP=0x00000001091387f4, EFLAGS=0x0000000000010206, ERR=0x0000000000000000
  TRAPNO=0x000000000000000d

Top of Stack: (sp=0x0000700004d829f0)
0x0000700004d829f0:   00007fd34c828000 0000000000000000
0x0000700004d82a00:   0000000000000000 0000000000000000
0x0000700004d82a10:   00007fd34c828000 00007fd34c828000
0x0000700004d82a20:   0000700004d82a8b 0000700004d82a90
0x0000700004d82a30:   6a2f65736963000a 0000000000000002
0x0000700004d82a40:   0000700004d82a60 00000001098831a8
0x0000700004d82a50:   0000000000000001 0000700004d82b08
0x0000700004d82a60:   0000700004d82ad0 0000000109867fbb
0x0000700004d82a70:   0000700004d82aa0 00007fd34c110b80
0x0000700004d82a80:   0000000400000032 0000000900d82b08
0x0000700004d82a90:   0000000000000000 0000000000000000
0x0000700004d82aa0:   0000000000000000 0000700004d82c90
0x0000700004d82ab0:   000000010988adc2 00007fd34c111e90
0x0000700004d82ac0:   0000700004d82b08 0000000109896588
0x0000700004d82ad0:   0000700004d82ae0 00000001098680b4
0x0000700004d82ae0:   0000700004d82d00 0000000109871642
0x0000700004d82af0:   0000109300000013 00000000000f0200
0x0000700004d82b00:   00007fd34c111920 0000700004d82baf
0x0000700004d82b10:   00007fd3000000d5 0000700004d82b20
0x0000700004d82b20:   00007fd300000057 0000700004d82b58
0x0000700004d82b30:   0000000000000000 0000000000000000
0x0000700004d82b40:   0000109300000051 00007fd30000fc80
0x0000700004d82b50:   0000700004d82b58 d37f000004000000
0x0000700004d82b60:   0600000090a6c249 00003e74696e693c
0x0000700004d82b70:   0000005629280300 7f00000100000000
0x0000700004d82b80:   00000098a6c249d3 0000006e69616d04
0x0000700004d82b90:   6176616a4c5b2816 74532f676e616c2f
0x0000700004d82ba0:   0056293b676e6972 0009000000000000
0x0000700004d82bb0:   0098a6c249d37f00 0001000000000000
0x0000700004d82bc0:   0000020000002e00 0000140000000000
0x0000700004d82bd0:   4901000000690100 1900000000000000
0x0000700004d82be0:   31746e6903000000 63655278614d6f54 

Instructions: (pc=0x00000001091387f4)
0x00000001091387d4:   00 00 00 41 f6 87 68 01 00 00 10 75 07 b8 63 00
0x00000001091387e4:   00 00 eb 7a 4d 85 f6 75 07 b8 17 00 00 00 eb 6e
0x00000001091387f4:   4d 8b 36 48 b8 fe fe fe fe fe fe fe fe 49 39 c6
0x0000000109138804:   74 e7 4d 85 f6 74 e2 48 8d 05 fe 6b 4d 00 80 38 

Register to memory mapping:

RAX=0x0000000000000001 is an unknown value
RBX=0x0000700004d82a8b is pointing into the stack for thread: 0x00007fd34c828000
RCX=0x0000000000000000 is an unknown value
RDX=0x0000700004d82a8b is pointing into the stack for thread: 0x00007fd34c828000
RSP=0x0000700004d829f0 is pointing into the stack for thread: 0x00007fd34c828000
RBP=0x0000700004d82a40 is pointing into the stack for thread: 0x00007fd34c828000
RSI=0x00007fd34c828000 is a thread
RDI=0x00007fd349c03240 is an unknown value
R8 =0x0000000000000000 is an unknown value
R9 =0x00007fd34c111eb0 is an unknown value
R10=0x0000000000000001 is an unknown value
R11=0x0000000000000001 is an unknown value
R12=0x00007fd34c828000 is a thread
R13=0x6a2f65736963000a is an unknown value
R14=0x6a2f65736963000a is an unknown value
R15=0x00007fd349c03240 is an unknown value


Stack: [0x0000700004c83000,0x0000700004d83000],  sp=0x0000700004d829f0,  free space=1022k
Native frames: (J=compiled Java code, j=interpreted, Vv=VM code, C=native code)
V  [libjvm.dylib+0x3387f4]
C  [libjdwp.dylib+0x201a8]  isMethodSynthetic+0x63
C  [libjdwp.dylib+0x4fbb]  methods1+0x10b
C  [libjdwp.dylib+0x50b4]  methodsWithGeneric+0xe
C  [libjdwp.dylib+0xe642]  debugLoop_run+0x1ce
C  [libjdwp.dylib+0x1f0e2]  attachThread+0x4d
V  [libjvm.dylib+0x37945a]
V  [libjvm.dylib+0x4f759d]
V  [libjvm.dylib+0x4f8ca5]
V  [libjvm.dylib+0x421c4e]
C  [libsystem_pthread.dylib+0x393b]  _pthread_body+0xb4
C  [libsystem_pthread.dylib+0x3887]  _pthread_body+0x0
C  [libsystem_pthread.dylib+0x308d]  thread_start+0xd


---------------  P R O C E S S  ---------------

Java Threads: ( => current thread )
  0x00007fd34b064000 JavaThread "Service Thread" daemon [_thread_blocked, id=21763, stack(0x0000700005192000,0x0000700005292000)]
  0x00007fd34b02a000 JavaThread "C2 CompilerThread1" daemon [_thread_blocked, id=21251, stack(0x000070000508f000,0x000070000518f000)]
  0x00007fd34a021800 JavaThread "C2 CompilerThread0" daemon [_thread_blocked, id=20739, stack(0x0000700004f8c000,0x000070000508c000)]
  0x00007fd34a827800 JavaThread "JDWP Command Reader" daemon [_thread_in_native, id=20227, stack(0x0000700004e89000,0x0000700004f89000)]
  0x00007fd34a825800 JavaThread "JDWP Event Helper Thread" daemon [_thread_blocked, id=19715, stack(0x0000700004d86000,0x0000700004e86000)]
=>0x00007fd34c828000 JavaThread "JDWP Transport Listener: dt_socket" daemon [_thread_in_vm, id=19203, stack(0x0000700004c83000,0x0000700004d83000)]
  0x00007fd34a003000 JavaThread "Signal Dispatcher" daemon [_thread_blocked, id=18691, stack(0x0000700004b80000,0x0000700004c80000)]
  0x00007fd34c812000 JavaThread "Finalizer" daemon [_thread_blocked, id=14595, stack(0x0000700004a7d000,0x0000700004b7d000)]
  0x00007fd34c811000 JavaThread "Reference Handler" daemon [_thread_blocked, id=14083, stack(0x000070000497a000,0x0000700004a7a000)]
  0x00007fd34b003000 JavaThread "main" [_thread_blocked, id=7171, stack(0x0000700003f5c000,0x000070000405c000)]

Other Threads:
  0x00007fd34c80e800 VMThread [stack: 0x0000700004877000,0x0000700004977000] [id=13571]
  0x00007fd34b06c800 WatcherThread [stack: 0x0000700005295000,0x0000700005395000] [id=22275]

VM state:not at safepoint (normal execution)

VM Mutex/Monitor currently owned by a thread: None

Heap
 PSYoungGen      total 76800K, used 3963K [0x00000007aaa80000, 0x00000007b0000000, 0x0000000800000000)
  eden space 66048K, 6% used [0x00000007aaa80000,0x00000007aae5ec80,0x00000007aeb00000)
  from space 10752K, 0% used [0x00000007af580000,0x00000007af580000,0x00000007b0000000)
  to   space 10752K, 0% used [0x00000007aeb00000,0x00000007aeb00000,0x00000007af580000)
 ParOldGen       total 174592K, used 0K [0x0000000700000000, 0x000000070aa80000, 0x00000007aaa80000)
  object space 174592K, 0% used [0x0000000700000000,0x0000000700000000,0x000000070aa80000)
 PSPermGen       total 21504K, used 2641K [0x00000006fae00000, 0x00000006fc300000, 0x0000000700000000)
  object space 21504K, 12% used [0x00000006fae00000,0x00000006fb0946f0,0x00000006fc300000)

Card table byte_map: [0x0000000109971000,0x000000010a19b000] byte_map_base: 0x000000010619a000

Polling page: 0x0000000107df7000

Code Cache  [0x000000010ad48000, 0x000000010afb8000, 0x000000010dd48000)
 total_blobs=158 nmethods=0 adapters=136 free_code_cache=48776Kb largest_free_block=49947008

Compilation events (0 events):
No events

GC Heap History (0 events):
No events

Deoptimization events (0 events):
No events

Internal exceptions (2 events):
Event: 0.029 Thread 0x00007fd34b003000 Threw 0x00000007aaa8f4f8 at /HUDSON/workspace/7u-2-build-macosx-x86_64/jdk7u79/2331/hotspot/src/share/vm/prims/jni.cpp:3991
Event: 0.114 Thread 0x00007fd34b003000 Threw 0x00000007aaad99f0 at /HUDSON/workspace/7u-2-build-macosx-x86_64/jdk7u79/2331/hotspot/src/share/vm/prims/jvm.cpp:1304

Events (10 events):
Event: 6593.333 Executing VM operation: GetCurrentLocation
Event: 6593.333 Executing VM operation: GetCurrentLocation done
Event: 6593.333 Executing VM operation: EnterInterpOnlyMode
Event: 6593.333 Executing VM operation: EnterInterpOnlyMode done
Event: 6593.333 Executing VM operation: ChangeSingleStep
Event: 6593.333 Executing VM operation: ChangeSingleStep done
Event: 6593.333 Executing VM operation: ChangeSingleStep
Event: 6593.333 Executing VM operation: ChangeSingleStep done
Event: 6593.335 Executing VM operation: RedefineClasses
Event: 6593.335 Executing VM operation: RedefineClasses done


Dynamic libraries:
0x000000005e581000 	/System/Library/Frameworks/Cocoa.framework/Versions/A/Cocoa
0x000000005e581000 	/System/Library/Frameworks/Security.framework/Versions/A/Security
0x000000005e581000 	/System/Library/Frameworks/ApplicationServices.framework/Versions/A/ApplicationServices
0x000000005e581000 	/usr/lib/libz.1.dylib
0x000000005e581000 	/usr/lib/libSystem.B.dylib
0x000000005e581000 	/usr/lib/libobjc.A.dylib
0x000000005e581000 	/System/Library/Frameworks/CoreFoundation.framework/Versions/A/CoreFoundation
0x000000005e581000 	/System/Library/Frameworks/Foundation.framework/Versions/C/Foundation
0x000000005e581000 	/System/Library/Frameworks/AppKit.framework/Versions/C/AppKit
0x000000005e581000 	/System/Library/Frameworks/CoreData.framework/Versions/A/CoreData
0x000000005e581000 	/System/Library/PrivateFrameworks/RemoteViewServices.framework/Versions/A/RemoteViewServices
0x000000005e581000 	/System/Library/PrivateFrameworks/UIFoundation.framework/Versions/A/UIFoundation
0x000000005e581000 	/System/Library/PrivateFrameworks/DFRFoundation.framework/Versions/A/DFRFoundation
0x000000005e581000 	/usr/lib/libenergytrace.dylib
0x000000005e581000 	/System/Library/PrivateFrameworks/SkyLight.framework/Versions/A/SkyLight
0x000000005e581000 	/System/Library/Frameworks/CoreGraphics.framework/Versions/A/CoreGraphics
0x000000005e581000 	/usr/lib/libScreenReader.dylib
0x000000005e581000 	/System/Library/Frameworks/Accelerate.framework/Versions/A/Accelerate
0x000000005e581000 	/System/Library/Frameworks/IOSurface.framework/Versions/A/IOSurface
0x000000005e581000 	/System/Library/Frameworks/AudioToolbox.framework/Versions/A/AudioToolbox
0x000000005e581000 	/System/Library/Frameworks/AudioUnit.framework/Versions/A/AudioUnit
0x000000005e581000 	/System/Library/PrivateFrameworks/DataDetectorsCore.framework/Versions/A/DataDetectorsCore
0x000000005e581000 	/System/Library/PrivateFrameworks/DesktopServicesPriv.framework/Versions/A/DesktopServicesPriv
0x000000005e581000 	/System/Library/Frameworks/Carbon.framework/Versions/A/Frameworks/HIToolbox.framework/Versions/A/HIToolbox
0x000000005e581000 	/usr/lib/libicucore.A.dylib
0x000000005e581000 	/System/Library/Frameworks/QuartzCore.framework/Versions/A/QuartzCore
0x000000005e581000 	/System/Library/Frameworks/Carbon.framework/Versions/A/Frameworks/SpeechRecognition.framework/Versions/A/SpeechRecognition
0x000000005e581000 	/usr/lib/libauto.dylib
0x000000005e581000 	/usr/lib/libxml2.2.dylib
0x000000005e581000 	/System/Library/PrivateFrameworks/CoreUI.framework/Versions/A/CoreUI
0x000000005e581000 	/System/Library/Frameworks/CoreAudio.framework/Versions/A/CoreAudio
0x000000005e581000 	/System/Library/Frameworks/DiskArbitration.framework/Versions/A/DiskArbitration
0x000000005e581000 	/usr/lib/liblangid.dylib
0x000000005e581000 	/System/Library/PrivateFrameworks/MultitouchSupport.framework/Versions/A/MultitouchSupport
0x000000005e581000 	/System/Library/Frameworks/IOKit.framework/Versions/A/IOKit
0x000000005e581000 	/usr/lib/libDiagnosticMessagesClient.dylib
0x000000005e581000 	/System/Library/Frameworks/CoreServices.framework/Versions/A/CoreServices
0x000000005e581000 	/System/Library/PrivateFrameworks/PerformanceAnalysis.framework/Versions/A/PerformanceAnalysis
0x000000005e581000 	/System/Library/PrivateFrameworks/GenerationalStorage.framework/Versions/A/GenerationalStorage
0x000000005e581000 	/System/Library/Frameworks/OpenGL.framework/Versions/A/OpenGL
0x000000005e581000 	/System/Library/Frameworks/CoreImage.framework/Versions/A/CoreImage
0x000000005e581000 	/System/Library/Frameworks/CoreText.framework/Versions/A/CoreText
0x000000005e581000 	/System/Library/Frameworks/ImageIO.framework/Versions/A/ImageIO
0x000000005e581000 	/System/Library/PrivateFrameworks/Backup.framework/Versions/A/Backup
0x000000005e581000 	/usr/lib/libarchive.2.dylib
0x000000005e581000 	/System/Library/Frameworks/CFNetwork.framework/Versions/A/CFNetwork
0x000000005e581000 	/System/Library/Frameworks/SystemConfiguration.framework/Versions/A/SystemConfiguration
0x000000005e581000 	/usr/lib/libCRFSuite.dylib
0x000000005e581000 	/usr/lib/libc++.1.dylib
0x000000005e581000 	/usr/lib/libc++abi.dylib
0x000000005e581000 	/usr/lib/system/libcache.dylib
0x000000005e581000 	/usr/lib/system/libcommonCrypto.dylib
0x000000005e581000 	/usr/lib/system/libcompiler_rt.dylib
0x000000005e581000 	/usr/lib/system/libcopyfile.dylib
0x000000005e581000 	/usr/lib/system/libcorecrypto.dylib
0x000000005e581000 	/usr/lib/system/libdispatch.dylib
0x000000005e581000 	/usr/lib/system/libdyld.dylib
0x000000005e581000 	/usr/lib/system/libkeymgr.dylib
0x000000005e581000 	/usr/lib/system/liblaunch.dylib
0x000000005e581000 	/usr/lib/system/libmacho.dylib
0x000000005e581000 	/usr/lib/system/libquarantine.dylib
0x000000005e581000 	/usr/lib/system/libremovefile.dylib
0x000000005e581000 	/usr/lib/system/libsystem_asl.dylib
0x000000005e581000 	/usr/lib/system/libsystem_blocks.dylib
0x000000005e581000 	/usr/lib/system/libsystem_c.dylib
0x000000005e581000 	/usr/lib/system/libsystem_configuration.dylib
0x000000005e581000 	/usr/lib/system/libsystem_coreservices.dylib
0x000000005e581000 	/usr/lib/system/libsystem_coretls.dylib
0x000000005e581000 	/usr/lib/system/libsystem_dnssd.dylib
0x000000005e581000 	/usr/lib/system/libsystem_info.dylib
0x000000005e581000 	/usr/lib/system/libsystem_kernel.dylib
0x000000005e581000 	/usr/lib/system/libsystem_m.dylib
0x000000005e581000 	/usr/lib/system/libsystem_malloc.dylib
0x000000005e581000 	/usr/lib/system/libsystem_network.dylib
0x000000005e581000 	/usr/lib/system/libsystem_networkextension.dylib
0x000000005e581000 	/usr/lib/system/libsystem_notify.dylib
0x000000005e581000 	/usr/lib/system/libsystem_platform.dylib
0x000000005e581000 	/usr/lib/system/libsystem_pthread.dylib
0x000000005e581000 	/usr/lib/system/libsystem_sandbox.dylib
0x000000005e581000 	/usr/lib/system/libsystem_secinit.dylib
0x000000005e581000 	/usr/lib/system/libsystem_symptoms.dylib
0x000000005e581000 	/usr/lib/system/libsystem_trace.dylib
0x000000005e581000 	/usr/lib/system/libunwind.dylib
0x000000005e581000 	/usr/lib/system/libxpc.dylib
0x000000005e581000 	/usr/lib/libbsm.0.dylib
0x000000005e581000 	/usr/lib/system/libkxld.dylib
0x000000005e581000 	/usr/lib/libcoretls.dylib
0x000000005e581000 	/usr/lib/libcoretls_cfhelpers.dylib
0x000000005e581000 	/usr/lib/libOpenScriptingUtil.dylib
0x000000005e581000 	/usr/lib/libpam.2.dylib
0x000000005e581000 	/usr/lib/libsqlite3.dylib
0x000000005e581000 	/usr/lib/libxar.1.dylib
0x000000005e581000 	/usr/lib/libbz2.1.0.dylib
0x000000005e581000 	/usr/lib/liblzma.5.dylib
0x000000005e581000 	/usr/lib/libnetwork.dylib
0x000000005e581000 	/usr/lib/libpcap.A.dylib
0x000000005e581000 	/System/Library/Frameworks/CoreServices.framework/Versions/A/Frameworks/FSEvents.framework/Versions/A/FSEvents
0x000000005e581000 	/System/Library/Frameworks/CoreServices.framework/Versions/A/Frameworks/CarbonCore.framework/Versions/A/CarbonCore
0x000000005e581000 	/System/Library/Frameworks/CoreServices.framework/Versions/A/Frameworks/Metadata.framework/Versions/A/Metadata
0x000000005e581000 	/System/Library/Frameworks/CoreServices.framework/Versions/A/Frameworks/OSServices.framework/Versions/A/OSServices
0x000000005e581000 	/System/Library/Frameworks/CoreServices.framework/Versions/A/Frameworks/SearchKit.framework/Versions/A/SearchKit
0x000000005e581000 	/System/Library/Frameworks/CoreServices.framework/Versions/A/Frameworks/AE.framework/Versions/A/AE
0x000000005e581000 	/System/Library/Frameworks/CoreServices.framework/Versions/A/Frameworks/LaunchServices.framework/Versions/A/LaunchServices
0x000000005e581000 	/System/Library/Frameworks/CoreServices.framework/Versions/A/Frameworks/DictionaryServices.framework/Versions/A/DictionaryServices
0x000000005e581000 	/System/Library/Frameworks/CoreServices.framework/Versions/A/Frameworks/SharedFileList.framework/Versions/A/SharedFileList
0x000000005e581000 	/System/Library/Frameworks/NetFS.framework/Versions/A/NetFS
0x000000005e581000 	/System/Library/PrivateFrameworks/NetAuth.framework/Versions/A/NetAuth
0x000000005e581000 	/System/Library/PrivateFrameworks/login.framework/Versions/A/Frameworks/loginsupport.framework/Versions/A/loginsupport
0x000000005e581000 	/System/Library/PrivateFrameworks/TCC.framework/Versions/A/TCC
0x000000005e581000 	/usr/lib/libmecabra.dylib
0x000000005e581000 	/System/Library/Frameworks/ApplicationServices.framework/Versions/A/Frameworks/ATS.framework/Versions/A/ATS
0x000000005e581000 	/System/Library/Frameworks/ApplicationServices.framework/Versions/A/Frameworks/ColorSync.framework/Versions/A/ColorSync
0x000000005e581000 	/System/Library/Frameworks/ApplicationServices.framework/Versions/A/Frameworks/HIServices.framework/Versions/A/HIServices
0x000000005e581000 	/System/Library/Frameworks/ApplicationServices.framework/Versions/A/Frameworks/LangAnalysis.framework/Versions/A/LangAnalysis
0x000000005e581000 	/System/Library/Frameworks/ApplicationServices.framework/Versions/A/Frameworks/PrintCore.framework/Versions/A/PrintCore
0x000000005e581000 	/System/Library/Frameworks/ApplicationServices.framework/Versions/A/Frameworks/QD.framework/Versions/A/QD
0x000000005e581000 	/System/Library/Frameworks/ApplicationServices.framework/Versions/A/Frameworks/SpeechSynthesis.framework/Versions/A/SpeechSynthesis
0x000000005e581000 	/System/Library/Frameworks/Accelerate.framework/Versions/A/Frameworks/vImage.framework/Versions/A/vImage
0x000000005e581000 	/System/Library/Frameworks/Accelerate.framework/Versions/A/Frameworks/vecLib.framework/Versions/A/vecLib
0x000000005e581000 	/System/Library/Frameworks/Accelerate.framework/Versions/A/Frameworks/vecLib.framework/Versions/A/libvDSP.dylib
0x000000005e581000 	/System/Library/Frameworks/Accelerate.framework/Versions/A/Frameworks/vecLib.framework/Versions/A/libBNNS.dylib
0x000000005e581000 	/System/Library/Frameworks/Accelerate.framework/Versions/A/Frameworks/vecLib.framework/Versions/A/libQuadrature.dylib
0x000000005e581000 	/System/Library/Frameworks/Accelerate.framework/Versions/A/Frameworks/vecLib.framework/Versions/A/libvMisc.dylib
0x000000005e581000 	/System/Library/Frameworks/Accelerate.framework/Versions/A/Frameworks/vecLib.framework/Versions/A/libLAPACK.dylib
0x000000005e581000 	/System/Library/Frameworks/Accelerate.framework/Versions/A/Frameworks/vecLib.framework/Versions/A/libBLAS.dylib
0x000000005e581000 	/System/Library/Frameworks/Accelerate.framework/Versions/A/Frameworks/vecLib.framework/Versions/A/libLinearAlgebra.dylib
0x000000005e581000 	/System/Library/Frameworks/Accelerate.framework/Versions/A/Frameworks/vecLib.framework/Versions/A/libSparseBLAS.dylib
0x000000005e581000 	/System/Library/Frameworks/ApplicationServices.framework/Versions/A/Frameworks/ATS.framework/Versions/A/Resources/libFontParser.dylib
0x000000005e581000 	/System/Library/Frameworks/ApplicationServices.framework/Versions/A/Frameworks/ATS.framework/Versions/A/Resources/libFontRegistry.dylib
0x000000005e581000 	/System/Library/Frameworks/ImageIO.framework/Versions/A/Resources/libJPEG.dylib
0x000000005e581000 	/System/Library/Frameworks/ImageIO.framework/Versions/A/Resources/libTIFF.dylib
0x000000005e581000 	/System/Library/Frameworks/ImageIO.framework/Versions/A/Resources/libPng.dylib
0x000000005e581000 	/System/Library/Frameworks/ImageIO.framework/Versions/A/Resources/libGIF.dylib
0x000000005e581000 	/System/Library/Frameworks/ImageIO.framework/Versions/A/Resources/libJP2.dylib
0x000000005e581000 	/System/Library/Frameworks/ImageIO.framework/Versions/A/Resources/libRadiance.dylib
0x000000005e581000 	/usr/lib/libcompression.dylib
0x000000005e581000 	/System/Library/PrivateFrameworks/AppleJPEG.framework/Versions/A/AppleJPEG
0x000000005e581000 	/usr/lib/libcups.2.dylib
0x000000005e581000 	/System/Library/Frameworks/Kerberos.framework/Versions/A/Kerberos
0x000000005e581000 	/System/Library/Frameworks/GSS.framework/Versions/A/GSS
0x000000005e581000 	/usr/lib/libresolv.9.dylib
0x000000005e581000 	/usr/lib/libiconv.2.dylib
0x000000005e581000 	/System/Library/PrivateFrameworks/Heimdal.framework/Versions/A/Heimdal
0x000000005e581000 	/usr/lib/libheimdal-asn1.dylib
0x000000005e581000 	/System/Library/Frameworks/OpenDirectory.framework/Versions/A/OpenDirectory
0x000000005e581000 	/System/Library/PrivateFrameworks/CommonAuth.framework/Versions/A/CommonAuth
0x000000005e581000 	/System/Library/Frameworks/OpenDirectory.framework/Versions/A/Frameworks/CFOpenDirectory.framework/Versions/A/CFOpenDirectory
0x000000005e581000 	/System/Library/Frameworks/SecurityFoundation.framework/Versions/A/SecurityFoundation
0x000000005e581000 	/System/Library/PrivateFrameworks/LanguageModeling.framework/Versions/A/LanguageModeling
0x000000005e581000 	/usr/lib/libmarisa.dylib
0x000000005e581000 	/usr/lib/libChineseTokenizer.dylib
0x000000005e581000 	/usr/lib/libcmph.dylib
0x000000005e581000 	/System/Library/PrivateFrameworks/CoreEmoji.framework/Versions/A/CoreEmoji
0x000000005e581000 	/System/Library/Frameworks/ServiceManagement.framework/Versions/A/ServiceManagement
0x000000005e581000 	/usr/lib/libxslt.1.dylib
0x000000005e581000 	/System/Library/Frameworks/Carbon.framework/Versions/A/Frameworks/Ink.framework/Versions/A/Ink
0x000000005e581000 	/System/Library/PrivateFrameworks/TextureIO.framework/Versions/A/TextureIO
0x000000005e581000 	/System/Library/Frameworks/Metal.framework/Versions/A/Metal
0x000000005e581000 	/usr/lib/libate.dylib
0x000000005e581000 	/System/Library/PrivateFrameworks/GPUCompiler.framework/libmetal_timestamp.dylib
0x000000005e581000 	/System/Library/Frameworks/OpenGL.framework/Versions/A/Libraries/libCoreFSCache.dylib
0x000000005e581000 	/System/Library/PrivateFrameworks/IOAccelerator.framework/Versions/A/IOAccelerator
0x000000005e581000 	/System/Library/Frameworks/CoreVideo.framework/Versions/A/CoreVideo
0x000000005e581000 	/usr/lib/libFosl_dynamic.dylib
0x000000005e581000 	/System/Library/PrivateFrameworks/MetalPerformanceShaders.framework/Versions/A/MetalPerformanceShaders
0x000000005e581000 	/System/Library/PrivateFrameworks/FaceCore.framework/Versions/A/FaceCore
0x000000005e581000 	/System/Library/Frameworks/OpenCL.framework/Versions/A/OpenCL
0x000000005e581000 	/System/Library/Frameworks/OpenGL.framework/Versions/A/Libraries/libGLU.dylib
0x000000005e581000 	/System/Library/Frameworks/OpenGL.framework/Versions/A/Libraries/libGFXShared.dylib
0x000000005e581000 	/System/Library/Frameworks/OpenGL.framework/Versions/A/Libraries/libGL.dylib
0x000000005e581000 	/System/Library/Frameworks/OpenGL.framework/Versions/A/Libraries/libGLImage.dylib
0x000000005e581000 	/System/Library/Frameworks/OpenGL.framework/Versions/A/Libraries/libCVMSPluginSupport.dylib
0x000000005e581000 	/System/Library/Frameworks/OpenGL.framework/Versions/A/Libraries/libCoreVMClient.dylib
0x000000005e581000 	/System/Library/PrivateFrameworks/CrashReporterSupport.framework/Versions/A/CrashReporterSupport
0x000000005e581000 	/System/Library/PrivateFrameworks/Sharing.framework/Versions/A/Sharing
0x000000005e581000 	/System/Library/PrivateFrameworks/IconServices.framework/Versions/A/IconServices
0x000000005e581000 	/System/Library/PrivateFrameworks/ProtocolBuffer.framework/Versions/A/ProtocolBuffer
0x000000005e581000 	/System/Library/PrivateFrameworks/Apple80211.framework/Versions/A/Apple80211
0x000000005e581000 	/System/Library/Frameworks/CoreWLAN.framework/Versions/A/CoreWLAN
0x000000005e581000 	/System/Library/PrivateFrameworks/CoreUtils.framework/Versions/A/CoreUtils
0x000000005e581000 	/System/Library/Frameworks/IOBluetooth.framework/Versions/A/IOBluetooth
0x000000005e581000 	/System/Library/PrivateFrameworks/CoreWiFi.framework/Versions/A/CoreWiFi
0x000000005e581000 	/System/Library/Frameworks/CoreBluetooth.framework/Versions/A/CoreBluetooth
0x000000005e581000 	/System/Library/Frameworks/CoreDisplay.framework/Versions/A/CoreDisplay
0x000000005e581000 	/System/Library/PrivateFrameworks/IOPresentment.framework/Versions/A/IOPresentment
0x000000005e581000 	/System/Library/PrivateFrameworks/DSExternalDisplay.framework/Versions/A/DSExternalDisplay
0x000000005e581000 	/System/Library/PrivateFrameworks/DebugSymbols.framework/Versions/A/DebugSymbols
0x000000005e581000 	/System/Library/PrivateFrameworks/CoreSymbolication.framework/Versions/A/CoreSymbolication
0x000000005e581000 	/System/Library/PrivateFrameworks/Symbolication.framework/Versions/A/Symbolication
0x000000005e581000 	/System/Library/PrivateFrameworks/AppleFSCompression.framework/Versions/A/AppleFSCompression
0x000000005e581000 	/System/Library/PrivateFrameworks/SpeechRecognitionCore.framework/Versions/A/SpeechRecognitionCore
0x000000005e581000 	/System/Library/PrivateFrameworks/ChunkingLibrary.framework/Versions/A/ChunkingLibrary
0x0000000108e00000 	/Library/Java/JavaVirtualMachines/jdk1.7.0_79.jdk/Contents/Home/jre/lib/server/libjvm.dylib
0x000000005e581000 	/usr/lib/libstdc++.6.dylib
0x0000000107dba000 	/Library/Java/JavaVirtualMachines/jdk1.7.0_79.jdk/Contents/Home/jre/lib/libverify.dylib
0x0000000107dc7000 	/Library/Java/JavaVirtualMachines/jdk1.7.0_79.jdk/Contents/Home/jre/lib/libjava.dylib
0x0000000109863000 	/Library/Java/JavaVirtualMachines/jdk1.7.0_79.jdk/Contents/Home/jre/lib/libjdwp.dylib
0x0000000107df8000 	/Library/Java/JavaVirtualMachines/jdk1.7.0_79.jdk/Contents/Home/jre/lib/libnpt.dylib
0x00000001098a8000 	/Library/Java/JavaVirtualMachines/jdk1.7.0_79.jdk/Contents/Home/jre/lib/libzip.dylib
0x0000000118201000 	/System/Library/Frameworks/JavaVM.framework/Frameworks/JavaRuntimeSupport.framework/JavaRuntimeSupport
0x000000010aca6000 	/System/Library/Frameworks/JavaVM.framework/Versions/A/Frameworks/JavaNativeFoundation.framework/Versions/A/JavaNativeFoundation
0x000000011821b000 	/System/Library/Frameworks/JavaVM.framework/Versions/A/JavaVM
0x000000005e581000 	/System/Library/Frameworks/Carbon.framework/Versions/A/Carbon
0x0000000118228000 	/System/Library/PrivateFrameworks/JavaLaunching.framework/Versions/A/JavaLaunching
0x000000005e581000 	/System/Library/Frameworks/Carbon.framework/Versions/A/Frameworks/CommonPanels.framework/Versions/A/CommonPanels
0x000000005e581000 	/System/Library/Frameworks/Carbon.framework/Versions/A/Frameworks/Help.framework/Versions/A/Help
0x000000005e581000 	/System/Library/Frameworks/Carbon.framework/Versions/A/Frameworks/ImageCapture.framework/Versions/A/ImageCapture
0x000000005e581000 	/System/Library/Frameworks/Carbon.framework/Versions/A/Frameworks/OpenScripting.framework/Versions/A/OpenScripting
0x000000005e581000 	/System/Library/Frameworks/Carbon.framework/Versions/A/Frameworks/Print.framework/Versions/A/Print
0x000000005e581000 	/System/Library/Frameworks/Carbon.framework/Versions/A/Frameworks/SecurityHI.framework/Versions/A/SecurityHI
0x0000000119b35000 	/Library/Java/JavaVirtualMachines/jdk1.7.0_79.jdk/Contents/Home/jre/lib/libdt_socket.dylib

VM Arguments:
jvm_args: -agentlib:jdwp=transport=dt_socket,suspend=y,address=localhost:54903 -Dfile.encoding=UTF-8 
java_command: com.sran.exercise.job.offer.No12Print1ToMaxOfDigits
Launcher Type: SUN_STANDARD

Environment Variables:
PATH=/usr/bin:/bin:/usr/sbin:/sbin
SHELL=/bin/bash

Signal Handlers:
SIGSEGV: [libjvm.dylib+0x52daf1], sa_mask[0]=0xfffefeff, sa_flags=0x00000043
SIGBUS: [libjvm.dylib+0x52daf1], sa_mask[0]=0xfffefeff, sa_flags=0x00000042
SIGFPE: [libjvm.dylib+0x41f34e], sa_mask[0]=0xfffefeff, sa_flags=0x00000042
SIGPIPE: [libjvm.dylib+0x41f34e], sa_mask[0]=0xfffefeff, sa_flags=0x00000042
SIGXFSZ: [libjvm.dylib+0x41f34e], sa_mask[0]=0xfffefeff, sa_flags=0x00000042
SIGILL: [libjvm.dylib+0x41f34e], sa_mask[0]=0xfffefeff, sa_flags=0x00000042
SIGUSR1: SIG_DFL, sa_mask[0]=0x00000000, sa_flags=0x00000000
SIGUSR2: [libjvm.dylib+0x41ee40], sa_mask[0]=0x00000004, sa_flags=0x00000042
SIGHUP: [libjvm.dylib+0x41d0d1], sa_mask[0]=0xfffefeff, sa_flags=0x00000042
SIGINT: [libjvm.dylib+0x41d0d1], sa_mask[0]=0xfffefeff, sa_flags=0x00000042
SIGTERM: [libjvm.dylib+0x41d0d1], sa_mask[0]=0xfffefeff, sa_flags=0x00000042
SIGQUIT: [libjvm.dylib+0x41d0d1], sa_mask[0]=0xfffefeff, sa_flags=0x00000042


---------------  S Y S T E M  ---------------

OS:Bsduname:Darwin 16.7.0 Darwin Kernel Version 16.7.0: Thu Jun 15 17:36:27 PDT 2017; root:xnu-3789.70.16~2/RELEASE_X86_64 x86_64
rlimit: STACK 8192k, CORE 0k, NPROC 709, NOFILE 10240, AS infinity
load average:1.49 1.77 1.76

CPU:total 8 (4 cores per cpu, 2 threads per core) family 6 model 70 stepping 1, cmov, cx8, fxsr, mmx, sse, sse2, sse3, ssse3, sse4.1, sse4.2, popcnt, avx, avx2, aes, erms, ht, tsc, tscinvbit

Memory: 4k page, physical 16777216k(4194304k free)

/proc/meminfo:


vm_info: Java HotSpot(TM) 64-Bit Server VM (24.79-b02) for bsd-amd64 JRE (1.7.0_79-b15), built on Apr 10 2015 11:35:04 by "java_re" with gcc 4.2.1 (Based on Apple Inc. build 5658) (LLVM build 2336.11.00)

time: Tue Sep 19 20:40:59 2017
elapsed time: 6593 seconds

